<?xml version="1.0" encoding="UTF-8"?>
<testng-results skipped="0" failed="0" ignored="0" total="1" passed="1">
  <reporter-output>
  </reporter-output>
  <suite name="Default suite" duration-ms="66081" started-at="2019-05-12T16:52:37Z" finished-at="2019-05-12T16:53:43Z">
    <groups>
    </groups>
    <test name="Default test" duration-ms="66081" started-at="2019-05-12T16:52:37Z" finished-at="2019-05-12T16:53:43Z">
      <class name="test_scripts.TestCase_01">
        <test-method status="PASS" signature="precondition()[pri:0, instance:test_scripts.TestCase_01@215be6bb]" name="precondition" is-config="true" duration-ms="23711" started-at="2019-05-12T22:22:37Z" finished-at="2019-05-12T22:23:01Z">
          <reporter-output>
          </reporter-output>
        </test-method> <!-- precondition -->
        <test-method status="PASS" signature="TestCase_01()[pri:0, instance:test_scripts.TestCase_01@215be6bb]" name="TestCase_01" duration-ms="41302" started-at="2019-05-12T22:23:01Z" finished-at="2019-05-12T22:23:42Z">
          <reporter-output>
          </reporter-output>
        </test-method> <!-- TestCase_01 -->
        <test-method status="PASS" signature="postcondition()[pri:0, instance:test_scripts.TestCase_01@215be6bb]" name="postcondition" is-config="true" duration-ms="1001" started-at="2019-05-12T22:23:42Z" finished-at="2019-05-12T22:23:43Z">
          <reporter-output>
          </reporter-output>
        </test-method> <!-- postcondition -->
      </class> <!-- test_scripts.TestCase_01 -->
    </test> <!-- Default test -->
  </suite> <!-- Default suite -->
</testng-results>
